<?xml version="1.0" encoding="UTF-8"?>
<!-- Generated by org.testng.reporters.JUnitXMLReporter -->
<testsuite ignored="0" hostname="DESKTOP-KT46ULE" failures="0" tests="3" name="Surefire test" time="0.113" errors="0" timestamp="2026-01-02T10:22:28 IST">
  <testcase classname="githubpractice.GithubPracticeTest" name="githubPracticeTest" time="0.013"/>
  <testcase classname="jenkinspractice.JenkinsPracticeTest" name="jenkinsPracticeTest" time="0.0"/>
  <testcase classname="mavenpractice.MavenPracticeTest" name="mavenPracticeTest" time="0.003"/>
</testsuite> <!-- Surefire test -->
