<?xml version="1.0" encoding="UTF-8"?>
<!-- Generated by org.testng.reporters.JUnitXMLReporter -->
<testsuite ignored="0" hostname="DESKTOP-KT46ULE" failures="0" tests="3" name="Test" time="0.084" errors="0" timestamp="2025-12-31T18:14:06 IST">
  <testcase classname="githubpractice.GithubPracticeTest" name="githubPracticeTest" time="0.009"/>
  <testcase classname="jenkinspractice.JenkinsPracticeTest" name="jenkinsPracticeTest" time="0.001"/>
  <testcase classname="mavenpractice.MavenPracticeTest" name="mavenPracticeTest" time="0.002"/>
</testsuite> <!-- Test -->
