<?xml version="1.0" encoding="UTF-8"?>
<testng-results ignored="0" total="3" passed="3" failed="0" skipped="0">
  <reporter-output>
  </reporter-output>
  <suite started-at="2026-01-02T10:22:28 IST" name="Surefire suite" finished-at="2026-01-02T10:22:28 IST" duration-ms="113">
    <groups>
    </groups>
    <test started-at="2026-01-02T10:22:28 IST" name="Surefire test" finished-at="2026-01-02T10:22:28 IST" duration-ms="113">
      <class name="mavenpractice.MavenPracticeTest">
        <test-method signature="mavenPracticeTest()[pri:0, instance:mavenpractice.MavenPracticeTest@43301423]" started-at="2026-01-02T10:22:28 IST" name="mavenPracticeTest" finished-at="2026-01-02T10:22:28 IST" duration-ms="3" status="PASS">
          <reporter-output>
          </reporter-output>
        </test-method> <!-- mavenPracticeTest -->
      </class> <!-- mavenpractice.MavenPracticeTest -->
      <class name="jenkinspractice.JenkinsPracticeTest">
        <test-method signature="jenkinsPracticeTest()[pri:0, instance:jenkinspractice.JenkinsPracticeTest@3c9d0b9d]" started-at="2026-01-02T10:22:28 IST" name="jenkinsPracticeTest" finished-at="2026-01-02T10:22:28 IST" duration-ms="0" status="PASS">
          <reporter-output>
          </reporter-output>
        </test-method> <!-- jenkinsPracticeTest -->
      </class> <!-- jenkinspractice.JenkinsPracticeTest -->
      <class name="githubpractice.GithubPracticeTest">
        <test-method signature="githubPracticeTest()[pri:0, instance:githubpractice.GithubPracticeTest@45b9a632]" started-at="2026-01-02T10:22:28 IST" name="githubPracticeTest" finished-at="2026-01-02T10:22:28 IST" duration-ms="13" status="PASS">
          <reporter-output>
          </reporter-output>
        </test-method> <!-- githubPracticeTest -->
      </class> <!-- githubpractice.GithubPracticeTest -->
    </test> <!-- Surefire test -->
  </suite> <!-- Surefire suite -->
</testng-results>
