<?xml version="1.0" encoding="UTF-8"?>
<testng-results ignored="0" total="1" passed="1" failed="0" skipped="0">
  <reporter-output>
  </reporter-output>
  <suite started-at="2026-01-02T15:16:37 IST" name="Default suite" finished-at="2026-01-02T15:16:37 IST" duration-ms="174">
    <groups>
    </groups>
    <test started-at="2026-01-02T15:16:37 IST" name="Default test" finished-at="2026-01-02T15:16:37 IST" duration-ms="174">
      <class name="githubpractice.GithubPracticeTest">
        <test-method signature="githubPracticeTest()[pri:0, instance:githubpractice.GithubPracticeTest@2f7298b]" started-at="2026-01-02T15:16:37 IST" name="githubPracticeTest" finished-at="2026-01-02T15:16:37 IST" duration-ms="45" status="PASS">
          <reporter-output>
          </reporter-output>
        </test-method> <!-- githubPracticeTest -->
      </class> <!-- githubpractice.GithubPracticeTest -->
    </test> <!-- Default test -->
  </suite> <!-- Default suite -->
</testng-results>
